{"/Users/alexmaddock/Projects/github_projects/sky-scanner-api/data/skyScannerData.js": {"path":"/Users/alexmaddock/Projects/github_projects/sky-scanner-api/data/skyScannerData.js","statementMap":{"0":{"start":{"line":3,"column":37},"end":{"line":3,"column":102}},"1":{"start":{"line":6,"column":28},"end":{"line":9,"column":1}},"2":{"start":{"line":11,"column":26},"end":{"line":45,"column":1}},"3":{"start":{"line":12,"column":2},"end":{"line":44,"column":3}},"4":{"start":{"line":47,"column":31},"end":{"line":51,"column":1}}},"fnMap":{"0":{"name":"(anonymous_0)","decl":{"start":{"line":11,"column":26},"end":{"line":11,"column":27}},"loc":{"start":{"line":11,"column":65},"end":{"line":45,"column":1}},"line":11}},"branchMap":{},"s":{"0":1,"1":1,"2":1,"3":2,"4":1},"f":{"0":2},"b":{},"_coverageSchema":"1a1c01bbd47fc00a2c39e90264f33305004495a9","hash":"619203a1c4018116284565596fac0791ab79d931"}
,"/Users/alexmaddock/Projects/github_projects/sky-scanner-api/helpers/assertions.js": {"path":"/Users/alexmaddock/Projects/github_projects/sky-scanner-api/helpers/assertions.js","statementMap":{"0":{"start":{"line":1,"column":26},"end":{"line":5,"column":1}},"1":{"start":{"line":2,"column":2},"end":{"line":2,"column":50}},"2":{"start":{"line":3,"column":2},"end":{"line":3,"column":52}},"3":{"start":{"line":4,"column":2},"end":{"line":4,"column":37}},"4":{"start":{"line":7,"column":26},"end":{"line":11,"column":1}},"5":{"start":{"line":8,"column":2},"end":{"line":8,"column":50}},"6":{"start":{"line":9,"column":2},"end":{"line":9,"column":52}},"7":{"start":{"line":10,"column":2},"end":{"line":10,"column":37}},"8":{"start":{"line":13,"column":26},"end":{"line":17,"column":1}},"9":{"start":{"line":14,"column":2},"end":{"line":14,"column":50}},"10":{"start":{"line":15,"column":2},"end":{"line":15,"column":52}},"11":{"start":{"line":16,"column":2},"end":{"line":16,"column":37}},"12":{"start":{"line":19,"column":26},"end":{"line":21,"column":1}}},"fnMap":{"0":{"name":"(anonymous_0)","decl":{"start":{"line":1,"column":26},"end":{"line":1,"column":27}},"loc":{"start":{"line":1,"column":83},"end":{"line":5,"column":1}},"line":1},"1":{"name":"(anonymous_1)","decl":{"start":{"line":7,"column":26},"end":{"line":7,"column":27}},"loc":{"start":{"line":7,"column":92},"end":{"line":11,"column":1}},"line":7},"2":{"name":"(anonymous_2)","decl":{"start":{"line":13,"column":26},"end":{"line":13,"column":27}},"loc":{"start":{"line":13,"column":102},"end":{"line":17,"column":1}},"line":13},"3":{"name":"(anonymous_3)","decl":{"start":{"line":19,"column":26},"end":{"line":19,"column":27}},"loc":{"start":{"line":19,"column":32},"end":{"line":21,"column":1}},"line":19}},"branchMap":{"0":{"loc":{"start":{"line":1,"column":37},"end":{"line":1,"column":57}},"type":"default-arg","locations":[{"start":{"line":1,"column":54},"end":{"line":1,"column":57}}],"line":1},"1":{"loc":{"start":{"line":1,"column":59},"end":{"line":1,"column":78}},"type":"default-arg","locations":[{"start":{"line":1,"column":74},"end":{"line":1,"column":78}}],"line":1},"2":{"loc":{"start":{"line":7,"column":37},"end":{"line":7,"column":57}},"type":"default-arg","locations":[{"start":{"line":7,"column":54},"end":{"line":7,"column":57}}],"line":7},"3":{"loc":{"start":{"line":7,"column":59},"end":{"line":7,"column":87}},"type":"default-arg","locations":[{"start":{"line":7,"column":74},"end":{"line":7,"column":87}}],"line":7},"4":{"loc":{"start":{"line":13,"column":37},"end":{"line":13,"column":57}},"type":"default-arg","locations":[{"start":{"line":13,"column":54},"end":{"line":13,"column":57}}],"line":13},"5":{"loc":{"start":{"line":13,"column":59},"end":{"line":13,"column":97}},"type":"default-arg","locations":[{"start":{"line":13,"column":74},"end":{"line":13,"column":97}}],"line":13}},"s":{"0":1,"1":2,"2":2,"3":2,"4":1,"5":0,"6":0,"7":0,"8":1,"9":0,"10":0,"11":0,"12":1},"f":{"0":2,"1":0,"2":0,"3":0},"b":{"0":[2],"1":[2],"2":[0],"3":[0],"4":[0],"5":[0]},"_coverageSchema":"1a1c01bbd47fc00a2c39e90264f33305004495a9","hash":"9c5cd5efafc293011864387be6311d659593a108"}
,"/Users/alexmaddock/Projects/github_projects/sky-scanner-api/http-client/client.js": {"path":"/Users/alexmaddock/Projects/github_projects/sky-scanner-api/http-client/client.js","statementMap":{"0":{"start":{"line":4,"column":22},"end":{"line":17,"column":1}},"1":{"start":{"line":6,"column":4},"end":{"line":6,"column":57}},"2":{"start":{"line":9,"column":4},"end":{"line":9,"column":64}},"3":{"start":{"line":12,"column":4},"end":{"line":12,"column":63}},"4":{"start":{"line":15,"column":4},"end":{"line":15,"column":60}},"5":{"start":{"line":20,"column":19},"end":{"line":47,"column":1}},"6":{"start":{"line":21,"column":2},"end":{"line":46,"column":3}},"7":{"start":{"line":22,"column":21},"end":{"line":27,"column":6}},"8":{"start":{"line":29,"column":4},"end":{"line":38,"column":5}},"9":{"start":{"line":30,"column":6},"end":{"line":36,"column":9}},"10":{"start":{"line":31,"column":8},"end":{"line":31,"column":27}},"11":{"start":{"line":31,"column":17},"end":{"line":31,"column":27}},"12":{"start":{"line":33,"column":8},"end":{"line":35,"column":10}},"13":{"start":{"line":34,"column":10},"end":{"line":34,"column":29}},"14":{"start":{"line":34,"column":19},"end":{"line":34,"column":29}},"15":{"start":{"line":40,"column":4},"end":{"line":40,"column":20}},"16":{"start":{"line":43,"column":4},"end":{"line":43,"column":106}},"17":{"start":{"line":44,"column":4},"end":{"line":44,"column":143}},"18":{"start":{"line":45,"column":4},"end":{"line":45,"column":12}},"19":{"start":{"line":49,"column":21},"end":{"line":61,"column":1}},"20":{"start":{"line":50,"column":2},"end":{"line":60,"column":3}},"21":{"start":{"line":51,"column":21},"end":{"line":54,"column":8}},"22":{"start":{"line":55,"column":18},"end":{"line":55,"column":55}},"23":{"start":{"line":56,"column":6},"end":{"line":56,"column":42}},"24":{"start":{"line":59,"column":6},"end":{"line":59,"column":13}},"25":{"start":{"line":63,"column":24},"end":{"line":65,"column":1}},"26":{"start":{"line":64,"column":2},"end":{"line":64,"column":51}}},"fnMap":{"0":{"name":"(anonymous_0)","decl":{"start":{"line":5,"column":7},"end":{"line":5,"column":8}},"loc":{"start":{"line":5,"column":39},"end":{"line":7,"column":3}},"line":5},"1":{"name":"(anonymous_1)","decl":{"start":{"line":8,"column":8},"end":{"line":8,"column":9}},"loc":{"start":{"line":8,"column":45},"end":{"line":10,"column":3}},"line":8},"2":{"name":"(anonymous_2)","decl":{"start":{"line":11,"column":7},"end":{"line":11,"column":8}},"loc":{"start":{"line":11,"column":44},"end":{"line":13,"column":3}},"line":11},"3":{"name":"(anonymous_3)","decl":{"start":{"line":14,"column":10},"end":{"line":14,"column":11}},"loc":{"start":{"line":14,"column":41},"end":{"line":16,"column":3}},"line":14},"4":{"name":"(anonymous_4)","decl":{"start":{"line":20,"column":19},"end":{"line":20,"column":20}},"loc":{"start":{"line":20,"column":134},"end":{"line":47,"column":1}},"line":20},"5":{"name":"(anonymous_5)","decl":{"start":{"line":30,"column":49},"end":{"line":30,"column":50}},"loc":{"start":{"line":30,"column":58},"end":{"line":36,"column":7}},"line":30},"6":{"name":"(anonymous_6)","decl":{"start":{"line":33,"column":83},"end":{"line":33,"column":84}},"loc":{"start":{"line":33,"column":92},"end":{"line":35,"column":9}},"line":33},"7":{"name":"(anonymous_7)","decl":{"start":{"line":49,"column":21},"end":{"line":49,"column":22}},"loc":{"start":{"line":49,"column":34},"end":{"line":61,"column":1}},"line":49},"8":{"name":"(anonymous_8)","decl":{"start":{"line":63,"column":24},"end":{"line":63,"column":25}},"loc":{"start":{"line":63,"column":41},"end":{"line":65,"column":1}},"line":63}},"branchMap":{"0":{"loc":{"start":{"line":20,"column":35},"end":{"line":20,"column":56}},"type":"default-arg","locations":[{"start":{"line":20,"column":41},"end":{"line":20,"column":56}}],"line":20},"1":{"loc":{"start":{"line":20,"column":59},"end":{"line":20,"column":68}},"type":"default-arg","locations":[{"start":{"line":20,"column":66},"end":{"line":20,"column":68}}],"line":20},"2":{"loc":{"start":{"line":20,"column":70},"end":{"line":20,"column":81}},"type":"default-arg","locations":[{"start":{"line":20,"column":77},"end":{"line":20,"column":81}}],"line":20},"3":{"loc":{"start":{"line":20,"column":92},"end":{"line":20,"column":111}},"type":"default-arg","locations":[{"start":{"line":20,"column":106},"end":{"line":20,"column":111}}],"line":20},"4":{"loc":{"start":{"line":20,"column":113},"end":{"line":20,"column":128}},"type":"default-arg","locations":[{"start":{"line":20,"column":124},"end":{"line":20,"column":128}}],"line":20},"5":{"loc":{"start":{"line":29,"column":4},"end":{"line":38,"column":5}},"type":"if","locations":[{"start":{"line":29,"column":4},"end":{"line":38,"column":5}},{"start":{},"end":{}}],"line":29},"6":{"loc":{"start":{"line":31,"column":8},"end":{"line":31,"column":27}},"type":"if","locations":[{"start":{"line":31,"column":8},"end":{"line":31,"column":27}},{"start":{},"end":{}}],"line":31},"7":{"loc":{"start":{"line":34,"column":10},"end":{"line":34,"column":29}},"type":"if","locations":[{"start":{"line":34,"column":10},"end":{"line":34,"column":29}},{"start":{},"end":{}}],"line":34},"8":{"loc":{"start":{"line":63,"column":25},"end":{"line":63,"column":36}},"type":"default-arg","locations":[{"start":{"line":63,"column":32},"end":{"line":63,"column":36}}],"line":63},"9":{"loc":{"start":{"line":64,"column":9},"end":{"line":64,"column":51}},"type":"cond-expr","locations":[{"start":{"line":64,"column":40},"end":{"line":64,"column":44}},{"start":{"line":64,"column":47},"end":{"line":64,"column":51}}],"line":64},"10":{"loc":{"start":{"line":64,"column":9},"end":{"line":64,"column":37}},"type":"binary-expr","locations":[{"start":{"line":64,"column":9},"end":{"line":64,"column":23}},{"start":{"line":64,"column":27},"end":{"line":64,"column":37}}],"line":64}},"s":{"0":1,"1":0,"2":2,"3":0,"4":0,"5":1,"6":2,"7":2,"8":2,"9":0,"10":0,"11":0,"12":0,"13":0,"14":0,"15":2,"16":0,"17":0,"18":0,"19":1,"20":0,"21":0,"22":0,"23":0,"24":0,"25":1,"26":0},"f":{"0":0,"1":2,"2":0,"3":0,"4":2,"5":0,"6":0,"7":0,"8":0},"b":{"0":[0],"1":[0],"2":[0],"3":[2],"4":[2],"5":[0,2],"6":[0,0],"7":[0,0],"8":[0],"9":[0,0],"10":[0,0]},"_coverageSchema":"1a1c01bbd47fc00a2c39e90264f33305004495a9","hash":"a8a27c80d3bd5cb4705b3e4932054dc14bce0bf4"}
}
