TN:
SF:data/skyScannerData.js
FN:11,(anonymous_0)
FNF:1
FNH:1
FNDA:2,(anonymous_0)
DA:3,1
DA:6,1
DA:11,1
DA:12,2
DA:47,1
LF:5
LH:5
BRF:0
BRH:0
end_of_record
TN:
SF:helpers/assertions.js
FN:1,(anonymous_0)
FN:7,(anonymous_1)
FN:13,(anonymous_2)
FN:19,(anonymous_3)
FNF:4
FNH:1
FNDA:2,(anonymous_0)
FNDA:0,(anonymous_1)
FNDA:0,(anonymous_2)
FNDA:0,(anonymous_3)
DA:1,1
DA:2,2
DA:3,2
DA:4,2
DA:7,1
DA:8,0
DA:9,0
DA:10,0
DA:13,1
DA:14,0
DA:15,0
DA:16,0
DA:19,1
LF:13
LH:7
BRDA:1,0,0,2
BRDA:1,1,0,2
BRDA:7,2,0,0
BRDA:7,3,0,0
BRDA:13,4,0,0
BRDA:13,5,0,0
BRF:6
BRH:2
end_of_record
TN:
SF:http-client/client.js
FN:5,(anonymous_0)
FN:8,(anonymous_1)
FN:11,(anonymous_2)
FN:14,(anonymous_3)
FN:20,(anonymous_4)
FN:30,(anonymous_5)
FN:33,(anonymous_6)
FN:49,(anonymous_7)
FN:63,(anonymous_8)
FNF:9
FNH:2
FNDA:0,(anonymous_0)
FNDA:2,(anonymous_1)
FNDA:0,(anonymous_2)
FNDA:0,(anonymous_3)
FNDA:2,(anonymous_4)
FNDA:0,(anonymous_5)
FNDA:0,(anonymous_6)
FNDA:0,(anonymous_7)
FNDA:0,(anonymous_8)
DA:4,1
DA:6,0
DA:9,2
DA:12,0
DA:15,0
DA:20,1
DA:21,2
DA:22,2
DA:29,2
DA:30,0
DA:31,0
DA:33,0
DA:34,0
DA:40,2
DA:43,0
DA:44,0
DA:45,0
DA:49,1
DA:50,0
DA:51,0
DA:55,0
DA:56,0
DA:59,0
DA:63,1
DA:64,0
LF:25
LH:9
BRDA:20,0,0,0
BRDA:20,1,0,0
BRDA:20,2,0,0
BRDA:20,3,0,2
BRDA:20,4,0,2
BRDA:29,5,0,0
BRDA:29,5,1,2
BRDA:31,6,0,0
BRDA:31,6,1,0
BRDA:34,7,0,0
BRDA:34,7,1,0
BRDA:63,8,0,0
BRDA:64,9,0,0
BRDA:64,9,1,0
BRDA:64,10,0,0
BRDA:64,10,1,0
BRF:16
BRH:3
end_of_record
